<?xml version="1.0" encoding="UTF-8"?>
<!-- Generated by org.testng.reporters.JUnitReportReporter -->
<testsuite hostname="DESKTOP-UA7G0ND" failures="0" tests="1" name="yuvaantestacademy.YuvaanSelenium.PostmanTest" time="0.001" errors="0" timestamp="2024-06-26T18:12:45 IST" skipped="0">
  <testcase classname="yuvaantestacademy.YuvaanSelenium.PostmanTest" name="getPostman" time="0.001"/>
</testsuite> <!-- yuvaantestacademy.YuvaanSelenium.PostmanTest -->
